<?xml version="1.0" encoding="UTF-8" ?>
<testsuite tests="21" failures="0" name="calc.CalculatorParamsLibTest" time="0.141" errors="0" skipped="0">
  <properties>
    <property name="java.runtime.name" value="Java(TM) SE Runtime Environment"/>
    <property name="sun.boot.library.path" value="C:\Program Files\Java\jdk1.8.0_92\jre\bin"/>
    <property name="java.vm.version" value="25.92-b14"/>
    <property name="user.country.format" value="DE"/>
    <property name="java.vm.vendor" value="Oracle Corporation"/>
    <property name="java.vendor.url" value="http://java.oracle.com/"/>
    <property name="path.separator" value=";"/>
    <property name="guice.disable.misplaced.annotation.check" value="true"/>
    <property name="java.vm.name" value="Java HotSpot(TM) 64-Bit Server VM"/>
    <property name="file.encoding.pkg" value="sun.io"/>
    <property name="user.script" value=""/>
    <property name="user.country" value="US"/>
    <property name="sun.java.launcher" value="SUN_STANDARD"/>
    <property name="sun.os.patch.level" value=""/>
    <property name="test" value="calc.CalculatorParamsLibTest"/>
    <property name="java.vm.specification.name" value="Java Virtual Machine Specification"/>
    <property name="user.dir" value="C:\Users\Moha\Documents\CalcMaven"/>
    <property name="java.runtime.version" value="1.8.0_92-b14"/>
    <property name="java.awt.graphicsenv" value="sun.awt.Win32GraphicsEnvironment"/>
    <property name="java.endorsed.dirs" value="C:\Program Files\Java\jdk1.8.0_92\jre\lib\endorsed"/>
    <property name="os.arch" value="amd64"/>
    <property name="java.io.tmpdir" value="C:\Users\Moha\AppData\Local\Temp\"/>
    <property name="line.separator" value="
"/>
    <property name="java.vm.specification.vendor" value="Oracle Corporation"/>
    <property name="user.variant" value=""/>
    <property name="os.name" value="Windows 10"/>
    <property name="maven.ext.class.path" value="C:\Program Files\NetBeans 8.1\java\maven-nblib\netbeans-eventspy.jar;C:\Program Files\NetBeans 8.1\java\maven-nblib\netbeans-eventspy.jar"/>
    <property name="classworlds.conf" value="C:\Program Files\NetBeans 8.1\java\maven\bin\m2.conf"/>
    <property name="sun.jnu.encoding" value="Cp1252"/>
    <property name="java.library.path" value="C:\Program Files\Java\jdk1.8.0_92\bin;C:\Windows\Sun\Java\bin;C:\Windows\system32;C:\Windows;C:\Windows\system32;C:\Windows;C:\Windows\System32\Wbem;C:\Windows\System32\WindowsPowerShell\v1.0\;C:\Program Files (x86)\Intel\OpenCL SDK\3.0\bin\x86;C:\Program Files (x86)\Intel\OpenCL SDK\3.0\bin\x64;C:\Program Files (x86)\Skype\Phone\;C:\Windows\system32\config\systemprofile\.dnx\bin;C:\Program Files\Microsoft DNX\Dnvm\;C:\Program Files\Microsoft SQL Server\130\Tools\Binn\;C:\Program Files (x86)\Windows Kits\10\Windows Performance Toolkit\;C:\ProgramData\chocolatey\bin;C:\Program Files\Java\jdk1.8.0_92\bin;C:\Users\Moha\AppData\Local\Android\android-sdk\tools;C:\Users\Moha\AppData\Local\Android\android-sdk\platform-tools;C:\Program Files\nodejs\;C:\Program Files\Git\cmd;C:\Program Files\TortoiseSVN\bin;C:\Program Files (x86)\Windows Live\Shared;C:\Users\Moha\AppData\Local\Programs\MiKTeX 2.9\miktex\bin\;C:\Users\Moha\AppData\Roaming\npm;C:\Program Files\Docker Toolbox;."/>
    <property name="java.specification.name" value="Java Platform API Specification"/>
    <property name="java.class.version" value="52.0"/>
    <property name="sun.management.compiler" value="HotSpot 64-Bit Tiered Compilers"/>
    <property name="os.version" value="10.0"/>
    <property name="user.home" value="C:\Users\Moha"/>
    <property name="user.timezone" value="Europe/Berlin"/>
    <property name="java.awt.printerjob" value="sun.awt.windows.WPrinterJob"/>
    <property name="java.specification.version" value="1.8"/>
    <property name="file.encoding" value="UTF-8"/>
    <property name="user.name" value="Moha"/>
    <property name="java.class.path" value="C:\Program Files\NetBeans 8.1\java\maven\boot\plexus-classworlds-2.4.jar"/>
    <property name="java.vm.specification.version" value="1.8"/>
    <property name="sun.arch.data.model" value="64"/>
    <property name="java.home" value="C:\Program Files\Java\jdk1.8.0_92\jre"/>
    <property name="sun.java.command" value="org.codehaus.plexus.classworlds.launcher.Launcher -Dtest=calc.CalculatorParamsLibTest -Dmaven.ext.class.path=C:\Program Files\NetBeans 8.1\java\maven-nblib\netbeans-eventspy.jar;C:\Program Files\NetBeans 8.1\java\maven-nblib\netbeans-eventspy.jar -Dfile.encoding=UTF-8 surefire:test"/>
    <property name="java.specification.vendor" value="Oracle Corporation"/>
    <property name="user.language" value="en"/>
    <property name="user.language.format" value="de"/>
    <property name="awt.toolkit" value="sun.awt.windows.WToolkit"/>
    <property name="java.vm.info" value="mixed mode"/>
    <property name="java.version" value="1.8.0_92"/>
    <property name="java.ext.dirs" value="C:\Program Files\Java\jdk1.8.0_92\jre\lib\ext;C:\Windows\Sun\Java\lib\ext"/>
    <property name="sun.boot.class.path" value="C:\Program Files\Java\jdk1.8.0_92\jre\lib\resources.jar;C:\Program Files\Java\jdk1.8.0_92\jre\lib\rt.jar;C:\Program Files\Java\jdk1.8.0_92\jre\lib\sunrsasign.jar;C:\Program Files\Java\jdk1.8.0_92\jre\lib\jsse.jar;C:\Program Files\Java\jdk1.8.0_92\jre\lib\jce.jar;C:\Program Files\Java\jdk1.8.0_92\jre\lib\charsets.jar;C:\Program Files\Java\jdk1.8.0_92\jre\lib\jfr.jar;C:\Program Files\Java\jdk1.8.0_92\jre\classes"/>
    <property name="java.vendor" value="Oracle Corporation"/>
    <property name="maven.home" value="C:\Program Files\NetBeans 8.1\java\maven"/>
    <property name="file.separator" value="\"/>
    <property name="java.vendor.url.bug" value="http://bugreport.sun.com/bugreport/"/>
    <property name="sun.cpu.endian" value="little"/>
    <property name="sun.io.unicode.encoding" value="UnicodeLittle"/>
    <property name="sun.desktop" value="windows"/>
    <property name="sun.cpu.isalist" value="amd64"/>
  </properties>
  <testcase classname="[0] 12\u002C2\u002C14 (testAddWithCSVMethod)(calc.CalculatorParamsLibTest)" name="[0] 12\u002C2\u002C14 " time="0"/>
  <testcase classname="[1] 3\u002C4\u002C7 (testAddWithCSVMethod)(calc.CalculatorParamsLibTest)" name="[1] 3\u002C4\u002C7 " time="0"/>
  <testcase classname="[2] 4\u002C4\u002C8 (testAddWithCSVMethod)(calc.CalculatorParamsLibTest)" name="[2] 4\u002C4\u002C8 " time="0"/>
  <testcase classname="[3] 1\u002C2\u002C3 (testAddWithCSVMethod)(calc.CalculatorParamsLibTest)" name="[3] 1\u002C2\u002C3 " time="0"/>
  <testcase classname="[4] 1\u002C2\u002C3 (testAddWithCSVMethod)(calc.CalculatorParamsLibTest)" name="[4] 1\u002C2\u002C3 " time="0"/>
  <testcase classname="[5] 10\u002C4\u002C14 (testAddWithCSVMethod)(calc.CalculatorParamsLibTest)" name="[5] 10\u002C4\u002C14 " time="0"/>
  <testcase classname="[6] 100\u002C100\u002C200 (testAddWithCSVMethod)(calc.CalculatorParamsLibTest)" name="[6] 100\u002C100\u002C200 " time="0"/>
  <testcase classname="[7] 50\u002C25\u002C75 (testAddWithCSVMethod)(calc.CalculatorParamsLibTest)" name="[7] 50\u002C25\u002C75 " time="0"/>
  <testcase classname="[8] 50\u002C25\u002C75 (testAddWithCSVMethod)(calc.CalculatorParamsLibTest)" name="[8] 50\u002C25\u002C75 " time="0"/>
  <testcase classname="[9] 30\u002C30\u002C60 (testAddWithCSVMethod)(calc.CalculatorParamsLibTest)" name="[9] 30\u002C30\u002C60 " time="0"/>
  <testcase classname="[10] 0\u002C0\u002C0 (testAddWithCSVMethod)(calc.CalculatorParamsLibTest)" name="[10] 0\u002C0\u002C0 " time="0"/>
  <testcase classname="[11] 2147483646\u002C1\u002C2147483647 (testAddWithCSVMethod)(calc.CalculatorParamsLibTest)" name="[11] 2147483646\u002C1\u002C2147483647 " time="0"/>
  <testcase classname="[0] 1\/2\u002C1\/2\u002C1 (testAddFractionWithCSVMethod)(calc.CalculatorParamsLibTest)" name="[0] 1\/2\u002C1\/2\u002C1 " time="0"/>
  <testcase classname="[1] 5.5\u002C4.5\u002C10.0 (testAddFractionWithCSVMethod)(calc.CalculatorParamsLibTest)" name="[1] 5.5\u002C4.5\u002C10.0 " time="0"/>
  <testcase classname="[2] 7\/5\u002C3\/4\u002C2 3\/20 (testAddFractionWithCSVMethod)(calc.CalculatorParamsLibTest)" name="[2] 7\/5\u002C3\/4\u002C2 3\/20 " time="0"/>
  <testcase classname="[3] 1\/16\u002C1\/32\u002C3\/32 (testAddFractionWithCSVMethod)(calc.CalculatorParamsLibTest)" name="[3] 1\/16\u002C1\/32\u002C3\/32 " time="0"/>
  <testcase classname="[4] 5\/10\u002C7\/10\u002C1 1\/5 (testAddFractionWithCSVMethod)(calc.CalculatorParamsLibTest)" name="[4] 5\/10\u002C7\/10\u002C1 1\/5 " time="0"/>
  <testcase classname="[5] 112\/50\u002C127\/25\u002C7 8\/25 (testAddFractionWithCSVMethod)(calc.CalculatorParamsLibTest)" name="[5] 112\/50\u002C127\/25\u002C7 8\/25 " time="0"/>
  <testcase classname="[6] 3\/4\u002C9\/10\u002C1 13\/20 (testAddFractionWithCSVMethod)(calc.CalculatorParamsLibTest)" name="[6] 3\/4\u002C9\/10\u002C1 13\/20 " time="0"/>
  <testcase classname="[7] 1\/1\u002C1\/1\u002C2 (testAddFractionWithCSVMethod)(calc.CalculatorParamsLibTest)" name="[7] 1\/1\u002C1\/1\u002C2 " time="0"/>
  <testcase classname="[8] 4\/5\u002C6\/10\u002C1 2\/5 (testAddFractionWithCSVMethod)(calc.CalculatorParamsLibTest)" name="[8] 4\/5\u002C6\/10\u002C1 2\/5 " time="0"/>
</testsuite>