<?xml version="1.0" encoding="UTF-8" ?>
<testsuite tests="21" failures="0" name="calc.CalculatorParamsLibTest" time="0.187" errors="0" skipped="0">
  <properties>
    <property name="java.runtime.name" value="Java(TM) SE Runtime Environment"/>
    <property name="sun.boot.library.path" value="/usr/lib/jvm/java-8-oracle/jre/lib/i386"/>
    <property name="java.vm.version" value="25.111-b14"/>
    <property name="java.vm.vendor" value="Oracle Corporation"/>
    <property name="java.vendor.url" value="http://java.oracle.com/"/>
    <property name="path.separator" value=":"/>
    <property name="guice.disable.misplaced.annotation.check" value="true"/>
    <property name="java.vm.name" value="Java HotSpot(TM) Server VM"/>
    <property name="file.encoding.pkg" value="sun.io"/>
    <property name="user.country" value="DE"/>
    <property name="sun.java.launcher" value="SUN_STANDARD"/>
    <property name="sun.os.patch.level" value="unknown"/>
    <property name="java.vm.specification.name" value="Java Virtual Machine Specification"/>
    <property name="user.dir" value="/home/odorwyn/Dokumente/Jahr4/JEE/allyoucantest/CalcMaven"/>
    <property name="java.runtime.version" value="1.8.0_111-b14"/>
    <property name="java.awt.graphicsenv" value="sun.awt.X11GraphicsEnvironment"/>
    <property name="java.endorsed.dirs" value="/usr/lib/jvm/java-8-oracle/jre/lib/endorsed"/>
    <property name="os.arch" value="i386"/>
    <property name="java.io.tmpdir" value="/tmp"/>
    <property name="line.separator" value="
"/>
    <property name="java.vm.specification.vendor" value="Oracle Corporation"/>
    <property name="os.name" value="Linux"/>
    <property name="maven.ext.class.path" value="/usr/local/netbeans-8.2/java/maven-nblib/netbeans-eventspy.jar"/>
    <property name="classworlds.conf" value="/usr/local/netbeans-8.2/java/maven/bin/m2.conf"/>
    <property name="sun.jnu.encoding" value="UTF-8"/>
    <property name="java.library.path" value="/usr/lib/jvm/java-8-oracle/jre/lib/amd64:/usr/lib/jvm/java-8-oracle/jre/lib/i386::/usr/java/packages/lib/i386:/lib:/usr/lib"/>
    <property name="java.specification.name" value="Java Platform API Specification"/>
    <property name="java.class.version" value="52.0"/>
    <property name="sun.management.compiler" value="HotSpot Tiered Compilers"/>
    <property name="os.version" value="4.8.0-27-generic"/>
    <property name="user.home" value="/root"/>
    <property name="user.timezone" value="Europe/Berlin"/>
    <property name="java.awt.printerjob" value="sun.print.PSPrinterJob"/>
    <property name="file.encoding" value="UTF-8"/>
    <property name="java.specification.version" value="1.8"/>
    <property name="user.name" value="root"/>
    <property name="java.class.path" value="/usr/local/netbeans-8.2/java/maven/boot/plexus-classworlds-2.4.jar"/>
    <property name="java.vm.specification.version" value="1.8"/>
    <property name="sun.arch.data.model" value="32"/>
    <property name="java.home" value="/usr/lib/jvm/java-8-oracle/jre"/>
    <property name="sun.java.command" value="org.codehaus.plexus.classworlds.launcher.Launcher -Dmaven.ext.class.path=/usr/local/netbeans-8.2/java/maven-nblib/netbeans-eventspy.jar clean install"/>
    <property name="java.specification.vendor" value="Oracle Corporation"/>
    <property name="user.language" value="de"/>
    <property name="awt.toolkit" value="sun.awt.X11.XToolkit"/>
    <property name="java.vm.info" value="mixed mode"/>
    <property name="java.version" value="1.8.0_111"/>
    <property name="java.ext.dirs" value="/usr/lib/jvm/java-8-oracle/jre/lib/ext:/usr/java/packages/lib/ext"/>
    <property name="securerandom.source" value="file:/dev/./urandom"/>
    <property name="sun.boot.class.path" value="/usr/lib/jvm/java-8-oracle/jre/lib/resources.jar:/usr/lib/jvm/java-8-oracle/jre/lib/rt.jar:/usr/lib/jvm/java-8-oracle/jre/lib/sunrsasign.jar:/usr/lib/jvm/java-8-oracle/jre/lib/jsse.jar:/usr/lib/jvm/java-8-oracle/jre/lib/jce.jar:/usr/lib/jvm/java-8-oracle/jre/lib/charsets.jar:/usr/lib/jvm/java-8-oracle/jre/lib/jfr.jar:/usr/lib/jvm/java-8-oracle/jre/classes"/>
    <property name="java.vendor" value="Oracle Corporation"/>
    <property name="maven.home" value="/usr/local/netbeans-8.2/java/maven"/>
    <property name="file.separator" value="/"/>
    <property name="java.vendor.url.bug" value="http://bugreport.sun.com/bugreport/"/>
    <property name="sun.cpu.endian" value="little"/>
    <property name="sun.io.unicode.encoding" value="UnicodeLittle"/>
    <property name="sun.cpu.isalist" value=""/>
  </properties>
  <testcase classname="[0] 12\u002C2\u002C14 (testAddWithCSVMethod)(calc.CalculatorParamsLibTest)" name="[0] 12\u002C2\u002C14 " time="0.003"/>
  <testcase classname="[1] 3\u002C4\u002C7 (testAddWithCSVMethod)(calc.CalculatorParamsLibTest)" name="[1] 3\u002C4\u002C7 " time="0"/>
  <testcase classname="[2] 4\u002C4\u002C8 (testAddWithCSVMethod)(calc.CalculatorParamsLibTest)" name="[2] 4\u002C4\u002C8 " time="0"/>
  <testcase classname="[3] 1\u002C2\u002C3 (testAddWithCSVMethod)(calc.CalculatorParamsLibTest)" name="[3] 1\u002C2\u002C3 " time="0"/>
  <testcase classname="[4] 1\u002C2\u002C3 (testAddWithCSVMethod)(calc.CalculatorParamsLibTest)" name="[4] 1\u002C2\u002C3 " time="0"/>
  <testcase classname="[5] 10\u002C4\u002C14 (testAddWithCSVMethod)(calc.CalculatorParamsLibTest)" name="[5] 10\u002C4\u002C14 " time="0"/>
  <testcase classname="[6] 100\u002C100\u002C200 (testAddWithCSVMethod)(calc.CalculatorParamsLibTest)" name="[6] 100\u002C100\u002C200 " time="0"/>
  <testcase classname="[7] 50\u002C25\u002C75 (testAddWithCSVMethod)(calc.CalculatorParamsLibTest)" name="[7] 50\u002C25\u002C75 " time="0.001"/>
  <testcase classname="[8] 50\u002C25\u002C75 (testAddWithCSVMethod)(calc.CalculatorParamsLibTest)" name="[8] 50\u002C25\u002C75 " time="0.001"/>
  <testcase classname="[9] 30\u002C30\u002C60 (testAddWithCSVMethod)(calc.CalculatorParamsLibTest)" name="[9] 30\u002C30\u002C60 " time="0"/>
  <testcase classname="[10] 0\u002C0\u002C0 (testAddWithCSVMethod)(calc.CalculatorParamsLibTest)" name="[10] 0\u002C0\u002C0 " time="0"/>
  <testcase classname="[11] 2147483646\u002C1\u002C2147483647 (testAddWithCSVMethod)(calc.CalculatorParamsLibTest)" name="[11] 2147483646\u002C1\u002C2147483647 " time="0.001"/>
  <testcase classname="[0] 1\/2\u002C1\/2\u002C1 (testAddFractionWithCSVMethod)(calc.CalculatorParamsLibTest)" name="[0] 1\/2\u002C1\/2\u002C1 " time="0"/>
  <testcase classname="[1] 5.5\u002C4.5\u002C10.0 (testAddFractionWithCSVMethod)(calc.CalculatorParamsLibTest)" name="[1] 5.5\u002C4.5\u002C10.0 " time="0.002"/>
  <testcase classname="[2] 7\/5\u002C3\/4\u002C2 3\/20 (testAddFractionWithCSVMethod)(calc.CalculatorParamsLibTest)" name="[2] 7\/5\u002C3\/4\u002C2 3\/20 " time="0"/>
  <testcase classname="[3] 1\/16\u002C1\/32\u002C3\/32 (testAddFractionWithCSVMethod)(calc.CalculatorParamsLibTest)" name="[3] 1\/16\u002C1\/32\u002C3\/32 " time="0.002"/>
  <testcase classname="[4] 5\/10\u002C7\/10\u002C1 1\/5 (testAddFractionWithCSVMethod)(calc.CalculatorParamsLibTest)" name="[4] 5\/10\u002C7\/10\u002C1 1\/5 " time="0.007"/>
  <testcase classname="[5] 112\/50\u002C127\/25\u002C7 8\/25 (testAddFractionWithCSVMethod)(calc.CalculatorParamsLibTest)" name="[5] 112\/50\u002C127\/25\u002C7 8\/25 " time="0"/>
  <testcase classname="[6] 3\/4\u002C9\/10\u002C1 13\/20 (testAddFractionWithCSVMethod)(calc.CalculatorParamsLibTest)" name="[6] 3\/4\u002C9\/10\u002C1 13\/20 " time="0"/>
  <testcase classname="[7] 1\/1\u002C1\/1\u002C2 (testAddFractionWithCSVMethod)(calc.CalculatorParamsLibTest)" name="[7] 1\/1\u002C1\/1\u002C2 " time="0"/>
  <testcase classname="[8] 4\/5\u002C6\/10\u002C1 2\/5 (testAddFractionWithCSVMethod)(calc.CalculatorParamsLibTest)" name="[8] 4\/5\u002C6\/10\u002C1 2\/5 " time="0"/>
</testsuite>